<?xml version="1.0" encoding="UTF-8"?>
<!-- Generated by org.testng.reporters.JUnitReportReporter -->
<testsuite skipped="0" hostname="LP-5CG0233WXY" name="script.Sample" tests="1" failures="0" timestamp="03 Sep 2021 05:20:02 GMT" time="115.926" errors="0">
  <testcase name="f" time="115.926" classname="script.Sample"/>
</testsuite> <!-- script.Sample -->
